TN:
SF:/home/labber/react/scheduler/src/components/Application.js
FN:16,Application
FN:27,(anonymous_1)
FNF:2
FNH:2
FNDA:18,Application
FNDA:22,(anonymous_1)
DA:22,18
DA:24,18
DA:26,18
DA:28,22
DA:41,18
LF:5
LH:5
BRF:0
BRH:0
end_of_record
TN:
SF:/home/labber/react/scheduler/src/components/Button.js
FN:7,Button
FNF:1
FNH:1
FNDA:45,Button
DA:8,45
DA:13,45
LF:2
LH:2
BRF:0
BRH:0
end_of_record
TN:
SF:/home/labber/react/scheduler/src/components/DayList.js
FN:5,DayList
FN:6,(anonymous_1)
FNF:2
FNH:2
FNDA:18,DayList
FNDA:22,(anonymous_1)
DA:6,18
DA:7,22
DA:18,18
LF:3
LH:3
BRF:0
BRH:0
end_of_record
TN:
SF:/home/labber/react/scheduler/src/components/DayListItem.js
FN:6,formatSpots
FN:13,DayListItem
FN:22,(anonymous_2)
FNF:3
FNH:3
FNDA:22,formatSpots
FNDA:22,DayListItem
FNDA:1,(anonymous_2)
DA:7,22
DA:8,21
DA:10,1
DA:14,22
DA:19,22
DA:22,1
LF:6
LH:6
BRDA:7,0,0,1
BRDA:7,0,1,21
BRDA:8,1,0,20
BRDA:8,1,1,1
BRF:4
BRH:4
end_of_record
TN:
SF:/home/labber/react/scheduler/src/components/InterviewerList.js
FN:8,InterviewerList
FN:9,(anonymous_1)
FN:17,(anonymous_2)
FNF:3
FNH:3
FNDA:20,InterviewerList
FNDA:28,(anonymous_1)
FNDA:2,(anonymous_2)
DA:9,20
DA:10,28
DA:17,2
DA:22,20
DA:30,3
DA:34,3
LF:6
LH:6
BRF:0
BRH:0
end_of_record
TN:
SF:/home/labber/react/scheduler/src/components/InterviewerListItem.js
FN:6,InterviewerItem
FNF:1
FNH:1
FNDA:28,InterviewerItem
DA:7,28
DA:11,28
LF:2
LH:2
BRDA:18,0,0,28
BRDA:18,0,1,8
BRF:2
BRH:2
end_of_record
TN:
SF:/home/labber/react/scheduler/src/components/Appointment/Confirm.js
FN:5,Confirm
FNF:1
FNH:1
FNDA:2,Confirm
DA:6,2
LF:1
LH:1
BRF:0
BRH:0
end_of_record
TN:
SF:/home/labber/react/scheduler/src/components/Appointment/Empty.js
FN:3,Empty
FN:10,(anonymous_1)
FNF:2
FNH:2
FNDA:29,Empty
FNDA:2,(anonymous_1)
DA:4,29
DA:10,2
LF:2
LH:2
BRF:0
BRH:0
end_of_record
TN:
SF:/home/labber/react/scheduler/src/components/Appointment/Error.js
FN:3,Error
FNF:1
FNH:1
FNDA:2,Error
DA:4,2
LF:1
LH:1
BRF:0
BRH:0
end_of_record
TN:
SF:/home/labber/react/scheduler/src/components/Appointment/Form.js
FN:6,Form
FN:11,reset
FN:17,cancel
FN:22,validate
FN:40,(anonymous_4)
FN:47,(anonymous_5)
FN:62,(anonymous_6)
FN:65,(anonymous_7)
FNF:8
FNH:7
FNDA:20,Form
FNDA:1,reset
FNDA:1,cancel
FNDA:7,validate
FNDA:0,(anonymous_4)
FNDA:5,(anonymous_5)
FNDA:1,(anonymous_6)
FNDA:7,(anonymous_7)
DA:7,20
DA:8,20
DA:9,20
DA:12,1
DA:13,1
DA:14,1
DA:18,1
DA:19,1
DA:23,7
DA:24,2
DA:25,2
DA:28,5
DA:29,1
DA:30,1
DA:33,4
DA:34,4
DA:37,20
DA:40,0
DA:48,5
DA:62,1
DA:65,7
LF:21
LH:20
BRDA:7,0,0,20
BRDA:7,0,1,13
BRDA:8,1,0,20
BRDA:8,1,1,14
BRDA:23,2,0,2
BRDA:23,2,1,5
BRDA:28,3,0,1
BRDA:28,3,1,4
BRF:8
BRH:8
end_of_record
TN:
SF:/home/labber/react/scheduler/src/components/Appointment/Header.js
FN:3,Header
FNF:1
FNH:1
FNDA:55,Header
DA:4,55
LF:1
LH:1
BRF:0
BRH:0
end_of_record
TN:
SF:/home/labber/react/scheduler/src/components/Appointment/Show.js
FN:3,Show
FNF:1
FNH:1
FNDA:11,Show
DA:4,11
LF:1
LH:1
BRDA:11,0,0,11
BRDA:11,0,1,11
BRF:2
BRH:2
end_of_record
TN:
SF:/home/labber/react/scheduler/src/components/Appointment/Status.js
FN:3,Status
FNF:1
FNH:1
FNDA:8,Status
DA:4,8
LF:1
LH:1
BRF:0
BRH:0
end_of_record
TN:
SF:/home/labber/react/scheduler/src/components/Appointment/index.js
FN:18,Appointment
FN:34,save
FN:44,(anonymous_2)
FN:45,(anonymous_3)
FN:48,destroy
FN:52,(anonymous_5)
FN:53,(anonymous_6)
FN:59,(anonymous_7)
FN:64,(anonymous_8)
FN:65,(anonymous_9)
FNF:10
FNH:10
FNDA:55,Appointment
FNDA:3,save
FNDA:2,(anonymous_2)
FNDA:1,(anonymous_3)
FNDA:2,destroy
FNDA:1,(anonymous_5)
FNDA:1,(anonymous_6)
FNDA:2,(anonymous_7)
FNDA:2,(anonymous_8)
FNDA:1,(anonymous_9)
DA:20,55
DA:21,55
DA:22,55
DA:23,55
DA:24,55
DA:25,55
DA:26,55
DA:27,55
DA:28,55
DA:30,55
DA:35,3
DA:40,3
DA:42,3
DA:44,2
DA:45,1
DA:49,2
DA:50,2
DA:52,1
DA:53,1
DA:56,55
DA:59,2
DA:64,2
DA:65,1
LF:23
LH:23
BRDA:31,0,0,20
BRDA:31,0,1,35
BRDA:59,1,0,55
BRDA:59,1,1,29
BRDA:60,2,0,55
BRDA:60,2,1,11
BRDA:67,3,0,55
BRDA:67,3,1,2
BRDA:73,4,0,55
BRDA:73,4,1,1
BRDA:81,5,0,55
BRDA:81,5,1,5
BRDA:82,6,0,55
BRDA:82,6,1,3
BRDA:83,7,0,55
BRDA:83,7,1,2
BRDA:89,8,0,55
BRDA:89,8,1,1
BRDA:92,9,0,55
BRDA:92,9,1,1
BRF:20
BRH:20
end_of_record
TN:
SF:/home/labber/react/scheduler/src/helpers/selectors.js
FN:1,getAppointmentsForDay
FN:2,(anonymous_1)
FN:6,(anonymous_2)
FN:9,getInterviewersForDay
FN:10,(anonymous_4)
FN:14,(anonymous_5)
FN:17,getInterview
FNF:7
FNH:7
FNDA:23,getAppointmentsForDay
FNDA:18,(anonymous_1)
FNDA:30,(anonymous_2)
FNDA:23,getInterviewersForDay
FNDA:18,(anonymous_4)
FNDA:28,(anonymous_5)
FNDA:24,getInterview
DA:2,23
DA:4,23
DA:6,30
DA:10,23
DA:12,23
DA:14,28
DA:18,24
LF:7
LH:7
BRDA:4,0,0,9
BRDA:4,0,1,14
BRDA:4,1,0,23
BRDA:4,1,1,15
BRDA:12,2,0,9
BRDA:12,2,1,14
BRDA:12,3,0,23
BRDA:12,3,1,15
BRDA:19,4,0,24
BRDA:19,4,1,12
BRF:10
BRH:10
end_of_record
TN:
SF:/home/labber/react/scheduler/src/hooks/useApplicationData.js
FN:13,useApplicationData
FN:21,(anonymous_1)
FN:23,(anonymous_2)
FN:29,(anonymous_3)
FN:41,bookInterview
FN:42,(anonymous_5)
FN:51,cancelInterview
FN:52,(anonymous_7)
FNF:8
FNH:8
FNDA:18,useApplicationData
FNDA:1,(anonymous_1)
FNDA:7,(anonymous_2)
FNDA:7,(anonymous_3)
FNDA:3,bookInterview
FNDA:2,(anonymous_5)
FNDA:2,cancelInterview
FNDA:1,(anonymous_7)
DA:14,18
DA:21,18
DA:23,18
DA:24,7
DA:30,7
DA:39,18
DA:42,3
DA:43,2
DA:52,2
DA:53,1
DA:61,18
LF:11
LH:11
BRF:0
BRH:0
end_of_record
TN:
SF:/home/labber/react/scheduler/src/hooks/useRealtimeUpdate.js
FN:4,useRealtimeUpdate
FN:5,(anonymous_1)
FN:8,(anonymous_2)
FN:16,(anonymous_3)
FNF:4
FNH:3
FNDA:18,useRealtimeUpdate
FNDA:7,(anonymous_1)
FNDA:0,(anonymous_2)
FNDA:7,(anonymous_3)
DA:5,18
DA:6,7
DA:8,7
DA:9,0
DA:11,0
DA:12,0
DA:16,7
DA:17,7
LF:8
LH:5
BRDA:11,0,0,0
BRDA:11,0,1,0
BRDA:11,1,0,0
BRDA:11,1,1,0
BRF:4
BRH:0
end_of_record
TN:
SF:/home/labber/react/scheduler/src/hooks/useVisualMode.js
FN:4,useVisualMode
FN:7,transition
FN:8,(anonymous_2)
FN:11,back
FN:12,(anonymous_4)
FNF:5
FNH:5
FNDA:69,useVisualMode
FNDA:20,transition
FNDA:20,(anonymous_2)
FNDA:4,back
FNDA:4,(anonymous_4)
DA:5,69
DA:8,20
DA:12,4
DA:15,69
LF:4
LH:4
BRDA:7,0,0,15
BRDA:8,1,0,5
BRDA:8,1,1,15
BRDA:12,2,0,3
BRDA:12,2,1,1
BRF:5
BRH:5
end_of_record
TN:
SF:/home/labber/react/scheduler/src/reducers/application.js
FN:5,reducer
FN:27,(anonymous_1)
FN:30,(anonymous_2)
FN:34,(anonymous_3)
FNF:4
FNH:4
FNDA:12,reducer
FNDA:3,(anonymous_1)
FNDA:6,(anonymous_2)
FNDA:6,(anonymous_3)
DA:1,3
DA:2,3
DA:3,3
DA:6,12
DA:8,1
DA:10,7
DA:17,3
DA:22,3
DA:27,3
DA:28,3
DA:30,6
DA:34,3
DA:35,6
DA:43,3
DA:50,1
LF:15
LH:15
BRDA:6,0,0,1
BRDA:6,0,1,7
BRDA:6,0,2,3
BRDA:6,0,3,1
BRDA:19,1,0,3
BRDA:19,1,1,2
BRDA:30,2,0,3
BRDA:30,2,1,3
BRDA:35,3,0,3
BRDA:35,3,1,3
BRF:10
BRH:10
end_of_record
