TN:
SF:/home/labber/react/scheduler/src/components/Application.js
FN:16,Application
FN:27,(anonymous_1)
FNF:2
FNH:2
FNDA:8,Application
FNDA:10,(anonymous_1)
DA:22,8
DA:24,8
DA:26,8
DA:28,10
DA:41,8
LF:5
LH:5
BRF:0
BRH:0
end_of_record
TN:
SF:/home/labber/react/scheduler/src/components/Button.js
FN:7,Button
FNF:1
FNH:1
FNDA:31,Button
DA:8,31
DA:13,31
LF:2
LH:2
BRF:0
BRH:0
end_of_record
TN:
SF:/home/labber/react/scheduler/src/components/DayList.js
FN:5,DayList
FN:6,(anonymous_1)
FNF:2
FNH:2
FNDA:8,DayList
FNDA:10,(anonymous_1)
DA:6,8
DA:7,10
DA:18,8
LF:3
LH:3
BRF:0
BRH:0
end_of_record
TN:
SF:/home/labber/react/scheduler/src/components/DayListItem.js
FN:6,formatSpots
FN:13,DayListItem
FN:22,(anonymous_2)
FNF:3
FNH:3
FNDA:10,formatSpots
FNDA:10,DayListItem
FNDA:1,(anonymous_2)
DA:7,10
DA:8,9
DA:10,0
DA:14,10
DA:19,10
DA:22,1
LF:6
LH:5
BRDA:7,0,0,1
BRDA:7,0,1,9
BRDA:8,1,0,9
BRDA:8,1,1,0
BRF:4
BRH:3
end_of_record
TN:
SF:/home/labber/react/scheduler/src/components/InterviewerList.js
FN:8,InterviewerList
FN:9,(anonymous_1)
FN:17,(anonymous_2)
FNF:3
FNH:3
FNDA:15,InterviewerList
FNDA:18,(anonymous_1)
FNDA:1,(anonymous_2)
DA:9,15
DA:10,18
DA:17,1
DA:22,15
DA:30,3
DA:34,3
LF:6
LH:6
BRF:0
BRH:0
end_of_record
TN:
SF:/home/labber/react/scheduler/src/components/InterviewerListItem.js
FN:6,InterviewerItem
FNF:1
FNH:1
FNDA:18,InterviewerItem
DA:7,18
DA:11,18
LF:2
LH:2
BRDA:18,0,0,18
BRDA:18,0,1,5
BRF:2
BRH:2
end_of_record
TN:
SF:/home/labber/react/scheduler/src/components/Appointment/Confirm.js
FN:5,Confirm
FNF:1
FNH:0
FNDA:0,Confirm
DA:6,0
LF:1
LH:0
BRF:0
BRH:0
end_of_record
TN:
SF:/home/labber/react/scheduler/src/components/Appointment/Empty.js
FN:3,Empty
FN:10,(anonymous_1)
FNF:2
FNH:2
FNDA:12,Empty
FNDA:1,(anonymous_1)
DA:4,12
DA:10,1
LF:2
LH:2
BRF:0
BRH:0
end_of_record
TN:
SF:/home/labber/react/scheduler/src/components/Appointment/Error.js
FN:3,Error
FNF:1
FNH:0
FNDA:0,Error
DA:4,0
LF:1
LH:0
BRF:0
BRH:0
end_of_record
TN:
SF:/home/labber/react/scheduler/src/components/Appointment/Form.js
FN:6,Form
FN:11,reset
FN:17,cancel
FN:22,validate
FN:40,(anonymous_4)
FN:47,(anonymous_5)
FN:62,(anonymous_6)
FN:65,(anonymous_7)
FNF:8
FNH:7
FNDA:15,Form
FNDA:1,reset
FNDA:1,cancel
FNDA:5,validate
FNDA:0,(anonymous_4)
FNDA:3,(anonymous_5)
FNDA:1,(anonymous_6)
FNDA:5,(anonymous_7)
DA:7,15
DA:8,15
DA:9,15
DA:12,1
DA:13,1
DA:14,1
DA:18,1
DA:19,1
DA:23,5
DA:24,2
DA:25,2
DA:28,3
DA:29,1
DA:30,1
DA:33,2
DA:34,2
DA:37,15
DA:40,0
DA:48,3
DA:62,1
DA:65,5
LF:21
LH:20
BRDA:7,0,0,15
BRDA:7,0,1,10
BRDA:8,1,0,15
BRDA:8,1,1,11
BRDA:23,2,0,2
BRDA:23,2,1,3
BRDA:28,3,0,1
BRDA:28,3,1,2
BRF:8
BRH:8
end_of_record
TN:
SF:/home/labber/react/scheduler/src/components/Appointment/Header.js
FN:3,Header
FNF:1
FNH:1
FNDA:21,Header
DA:4,21
LF:1
LH:1
BRF:0
BRH:0
end_of_record
TN:
SF:/home/labber/react/scheduler/src/components/Appointment/Show.js
FN:3,Show
FNF:1
FNH:1
FNDA:6,Show
DA:4,6
LF:1
LH:1
BRDA:11,0,0,6
BRDA:11,0,1,6
BRF:2
BRH:2
end_of_record
TN:
SF:/home/labber/react/scheduler/src/components/Appointment/Status.js
FN:3,Status
FNF:1
FNH:1
FNDA:2,Status
DA:4,2
LF:1
LH:1
BRF:0
BRH:0
end_of_record
TN:
SF:/home/labber/react/scheduler/src/components/Appointment/index.js
FN:18,Appointment
FN:34,save
FN:44,(anonymous_2)
FN:45,(anonymous_3)
FN:48,destroy
FN:52,(anonymous_5)
FN:53,(anonymous_6)
FN:59,(anonymous_7)
FN:64,(anonymous_8)
FN:65,(anonymous_9)
FNF:10
FNH:4
FNDA:21,Appointment
FNDA:1,save
FNDA:1,(anonymous_2)
FNDA:0,(anonymous_3)
FNDA:0,destroy
FNDA:0,(anonymous_5)
FNDA:0,(anonymous_6)
FNDA:1,(anonymous_7)
FNDA:0,(anonymous_8)
FNDA:0,(anonymous_9)
DA:20,21
DA:21,21
DA:22,21
DA:23,21
DA:24,21
DA:25,21
DA:26,21
DA:27,21
DA:28,21
DA:30,21
DA:35,1
DA:40,1
DA:42,1
DA:44,1
DA:45,0
DA:49,0
DA:50,0
DA:52,0
DA:53,0
DA:56,21
DA:59,1
DA:64,0
DA:65,0
LF:23
LH:16
BRDA:31,0,0,7
BRDA:31,0,1,14
BRDA:59,1,0,21
BRDA:59,1,1,12
BRDA:60,2,0,21
BRDA:60,2,1,6
BRDA:67,3,0,21
BRDA:67,3,1,1
BRDA:73,4,0,21
BRDA:73,4,1,0
BRDA:81,5,0,21
BRDA:81,5,1,2
BRDA:82,6,0,21
BRDA:82,6,1,0
BRDA:83,7,0,21
BRDA:83,7,1,0
BRDA:89,8,0,21
BRDA:89,8,1,0
BRDA:92,9,0,21
BRDA:92,9,1,0
BRF:20
BRH:15
end_of_record
TN:
SF:/home/labber/react/scheduler/src/helpers/selectors.js
FN:1,getAppointmentsForDay
FN:2,(anonymous_1)
FN:6,(anonymous_2)
FN:9,getInterviewersForDay
FN:10,(anonymous_4)
FN:14,(anonymous_5)
FN:17,getInterview
FNF:7
FNH:7
FNDA:13,getAppointmentsForDay
FNDA:12,(anonymous_1)
FNDA:18,(anonymous_2)
FNDA:13,getInterviewersForDay
FNDA:12,(anonymous_4)
FNDA:16,(anonymous_5)
FNDA:12,getInterview
DA:2,13
DA:4,13
DA:6,18
DA:10,13
DA:12,13
DA:14,16
DA:18,12
LF:7
LH:7
BRDA:4,0,0,5
BRDA:4,0,1,8
BRDA:4,1,0,13
BRDA:4,1,1,9
BRDA:12,2,0,5
BRDA:12,2,1,8
BRDA:12,3,0,13
BRDA:12,3,1,9
BRDA:19,4,0,12
BRDA:19,4,1,7
BRF:10
BRH:10
end_of_record
TN:
SF:/home/labber/react/scheduler/src/hooks/useApplicationData.js
FN:13,useApplicationData
FN:21,(anonymous_1)
FN:23,(anonymous_2)
FN:29,(anonymous_3)
FN:41,bookInterview
FN:42,(anonymous_5)
FN:51,cancelInterview
FN:52,(anonymous_7)
FNF:8
FNH:6
FNDA:8,useApplicationData
FNDA:1,(anonymous_1)
FNDA:3,(anonymous_2)
FNDA:3,(anonymous_3)
FNDA:1,bookInterview
FNDA:1,(anonymous_5)
FNDA:0,cancelInterview
FNDA:0,(anonymous_7)
DA:14,8
DA:21,8
DA:23,8
DA:24,3
DA:30,3
DA:39,8
DA:42,1
DA:43,1
DA:52,0
DA:53,0
DA:61,8
LF:11
LH:9
BRF:0
BRH:0
end_of_record
TN:
SF:/home/labber/react/scheduler/src/hooks/useRealtimeUpdate.js
FN:4,useRealtimeUpdate
FN:5,(anonymous_1)
FN:8,(anonymous_2)
FN:16,(anonymous_3)
FNF:4
FNH:3
FNDA:8,useRealtimeUpdate
FNDA:3,(anonymous_1)
FNDA:0,(anonymous_2)
FNDA:3,(anonymous_3)
DA:5,8
DA:6,3
DA:8,3
DA:9,0
DA:11,0
DA:12,0
DA:16,3
DA:17,3
LF:8
LH:5
BRDA:11,0,0,0
BRDA:11,0,1,0
BRDA:11,1,0,0
BRDA:11,1,1,0
BRF:4
BRH:0
end_of_record
TN:
SF:/home/labber/react/scheduler/src/hooks/useVisualMode.js
FN:4,useVisualMode
FN:7,transition
FN:8,(anonymous_2)
FN:11,back
FN:12,(anonymous_4)
FNF:5
FNH:5
FNDA:35,useVisualMode
FNDA:8,transition
FNDA:8,(anonymous_2)
FNDA:4,back
FNDA:4,(anonymous_4)
DA:5,35
DA:8,8
DA:12,4
DA:15,35
LF:4
LH:4
BRDA:7,0,0,7
BRDA:8,1,0,1
BRDA:8,1,1,7
BRDA:12,2,0,3
BRDA:12,2,1,1
BRF:5
BRH:5
end_of_record
TN:
SF:/home/labber/react/scheduler/src/reducers/application.js
FN:5,reducer
FN:27,(anonymous_1)
FN:30,(anonymous_2)
FN:34,(anonymous_3)
FNF:4
FNH:4
FNDA:6,reducer
FNDA:1,(anonymous_1)
FNDA:2,(anonymous_2)
FNDA:2,(anonymous_3)
DA:1,3
DA:2,3
DA:3,3
DA:6,6
DA:8,1
DA:10,3
DA:17,1
DA:22,1
DA:27,1
DA:28,1
DA:30,2
DA:34,1
DA:35,2
DA:43,1
DA:50,1
LF:15
LH:15
BRDA:6,0,0,1
BRDA:6,0,1,3
BRDA:6,0,2,1
BRDA:6,0,3,1
BRDA:19,1,0,1
BRDA:19,1,1,1
BRDA:30,2,0,2
BRDA:30,2,1,0
BRDA:35,3,0,1
BRDA:35,3,1,1
BRF:10
BRH:9
end_of_record
